<?xml version="1.0" encoding="UTF-8"?>
<testng-results ignored="0" total="1" passed="1" failed="0" skipped="0">
  <reporter-output>
  </reporter-output>
  <suite started-at="2023-07-31T02:48:54 WIB" name="Base Suite" finished-at="2023-07-31T02:49:05 WIB" duration-ms="11044">
    <groups>
      <group name="cucumber">
        <method signature="AbstractTestNGCucumberTests.runScenario(io.cucumber.testng.PickleWrapper, io.cucumber.testng.FeatureWrapper)[pri:0, instance:runners.Runner@7f9fcf7f]" name="runScenario" class="io.cucumber.testng.AbstractTestNGCucumberTests"/>
      </group> <!-- cucumber -->
    </groups>
    <test started-at="2023-07-31T02:48:54 WIB" name="All" finished-at="2023-07-31T02:49:05 WIB" duration-ms="11044">
      <class name="runners.Runner">
        <test-method is-config="true" signature="setUpClass()[pri:0, instance:runners.Runner@7f9fcf7f]" started-at="2023-07-31T02:48:54 WIB" name="setUpClass" finished-at="2023-07-31T02:48:54 WIB" duration-ms="145" status="PASS">
          <reporter-output>
          </reporter-output>
        </test-method> <!-- setUpClass -->
        <test-method is-config="true" signature="beforeClass(java.lang.String)[pri:0, instance:runners.Runner@7f9fcf7f]" started-at="2023-07-31T02:48:54 WIB" name="beforeClass" finished-at="2023-07-31T02:48:54 WIB" duration-ms="3" status="PASS">
          <params>
            <param index="0">
              <value>
                <![CDATA[chrome]]>
              </value>
            </param>
          </params>
          <reporter-output>
          </reporter-output>
        </test-method> <!-- beforeClass -->
        <test-method signature="runScenario(io.cucumber.testng.PickleWrapper, io.cucumber.testng.FeatureWrapper)[pri:0, instance:runners.Runner@7f9fcf7f]" started-at="2023-07-31T02:48:54 WIB" name="runScenario" description="Runs Cucumber Scenarios" data-provider="scenarios" finished-at="2023-07-31T02:49:04 WIB" duration-ms="10545" status="PASS">
          <params>
            <param index="0">
              <value>
                <![CDATA["login - Success login with phone number"]]>
              </value>
            </param>
            <param index="1">
              <value>
                <![CDATA["Login"]]>
              </value>
            </param>
          </params>
          <reporter-output>
          </reporter-output>
        </test-method> <!-- runScenario -->
        <test-method is-config="true" signature="tearDownClass()[pri:0, instance:runners.Runner@7f9fcf7f]" started-at="2023-07-31T02:49:05 WIB" name="tearDownClass" finished-at="2023-07-31T02:49:05 WIB" duration-ms="161" status="PASS">
          <reporter-output>
          </reporter-output>
        </test-method> <!-- tearDownClass -->
      </class> <!-- runners.Runner -->
    </test> <!-- All -->
  </suite> <!-- Base Suite -->
</testng-results>
